<?xml version="1.0" encoding="UTF-8"?>
<!-- Generated by org.testng.reporters.JUnitXMLReporter -->
<testsuite hostname="DESKTOP-R0QK2O8" ignored="0" name="Default test" tests="4" failures="0" timestamp="15 Jul 2018 17:43:34 GMT" time="0.118" errors="0">
  <testcase name="printTestData" time="0.025" classname="day8.DataProviderExample"/>
  <testcase name="printTestData" time="0.004" classname="day8.DataProviderExample"/>
  <testcase name="printTestData" time="0.005" classname="day8.DataProviderExample"/>
  <testcase name="printTestData" time="0.003" classname="day8.DataProviderExample"/>
</testsuite> <!-- Default test -->
