<?xml version="1.0" encoding="UTF-8"?>
<!-- Generated by org.testng.reporters.JUnitXMLReporter -->
<testsuite hostname="DESKTOP-R0QK2O8" ignored="6" tests="0" failures="0" timestamp="15 Jul 2018 17:00:31 GMT" time="0.012" errors="0">
  <testcase name="verifyTheTitleOfLoginPage" time="0.0" classname="day8.Guru99Project">
    <ignored/>
  </testcase> <!-- verifyTheTitleOfLoginPage -->
  <testcase name="testcase3" time="0.0" classname="day8.TestNGTesting">
    <ignored/>
  </testcase> <!-- testcase3 -->
  <testcase name="testcase4" time="0.0" classname="day8.TestNGTesting">
    <ignored/>
  </testcase> <!-- testcase4 -->
  <testcase name="testcase2" time="0.0" classname="day8.TestNGTesting">
    <ignored/>
  </testcase> <!-- testcase2 -->
  <testcase name="testcase7" time="0.0" classname="day8.TestNGTesting">
    <ignored/>
  </testcase> <!-- testcase7 -->
  <testcase name="testcase1" time="0.0" classname="day8.TestNGTesting">
    <ignored/>
  </testcase> <!-- testcase1 -->
</testsuite>
